<?xml version="1.0" encoding="UTF-8"?>
<!-- Generated by org.testng.reporters.JUnitReportReporter -->
<testsuite skipped="1" hostname="Mds-MacBook-Pro.home" name="testUnit.LogInTest" tests="3" failures="0" timestamp="17 Jun 2020 00:20:07 GMT" time="11.685" errors="0">
  <testcase name="logIntest_In_toKohls" time="4.821" classname="testUnit.LogInTest"/>
  <testcase name="logIntest_In_toKohls" time="6.864" classname="testUnit.LogInTest"/>
  <testcase name="logIntest_IntoKohls" classname="testUnit.LogInTest">
    <skipped/>
  </testcase> <!-- logIntest_IntoKohls -->
</testsuite> <!-- testUnit.LogInTest -->
