<?xml version="1.0" encoding="UTF-8"?>
<!-- Generated by org.testng.reporters.JUnitReportReporter -->
<testsuite skipped="0" hostname="Mds-MacBook-Pro.home" name="letsCodeIt.Practice.SmokeTest" tests="2" failures="0" timestamp="29 Jun 2020 04:30:01 GMT" time="0.013" errors="0">
  <testcase name="brokenLinkTest" time="0.010" classname="letsCodeIt.Practice.SmokeTest"/>
  <testcase name="logOutTest" time="0.003" classname="letsCodeIt.Practice.SmokeTest"/>
</testsuite> <!-- letsCodeIt.Practice.SmokeTest -->
