<?xml version="1.0" encoding="UTF-8"?>
<!-- Generated by org.testng.reporters.JUnitReportReporter -->
<testsuite skipped="0" hostname="Mds-MacBook-Pro.home" name="testUnit.SmokeTest" tests="3" failures="0" timestamp="16 Jun 2020 22:42:14 GMT" time="21.977" errors="0">
  <testcase name="logIntest02" time="6.652" classname="testUnit.SmokeTest"/>
  <testcase name="logIntest01" time="3.800" classname="testUnit.SmokeTest"/>
  <testcase name="logIntest" time="11.525" classname="testUnit.SmokeTest"/>
</testsuite> <!-- testUnit.SmokeTest -->
