<?xml version="1.0" encoding="UTF-8"?>
<!-- Generated by org.testng.reporters.JUnitReportReporter -->
<testsuite skipped="1" hostname="Mds-MacBook-Pro.home" name="letsCodeIt.Practice.UiClients_SmokeTest" tests="4" failures="0" timestamp="27 Jun 2020 00:46:22 GMT" time="22.927" errors="0">
  <testcase name="solution_staleElementRefarenceExcep" time="10.466" classname="letsCodeIt.Practice.UiClients_SmokeTest"/>
  <testcase name="workWithListOfWebelement" time="11.593" classname="letsCodeIt.Practice.UiClients_SmokeTest"/>
  <testcase name="mySitewebEle" time="0.868" classname="letsCodeIt.Practice.UiClients_SmokeTest"/>
  <testcase name="problem_staleElementRefarenceExcep" classname="letsCodeIt.Practice.UiClients_SmokeTest">
    <skipped/>
  </testcase> <!-- problem_staleElementRefarenceExcep -->
</testsuite> <!-- letsCodeIt.Practice.UiClients_SmokeTest -->
