<?xml version="1.0" encoding="UTF-8"?>
<!-- Generated by org.testng.reporters.JUnitReportReporter -->
<testsuite skipped="1" hostname="Mds-MacBook-Pro.home" name="letsCodeIt.Practice.SeleGrid" tests="3" failures="0" timestamp="27 Jun 2020 00:05:59 GMT" time="19.890" errors="0">
  <testcase name="test1" time="6.558" classname="letsCodeIt.Practice.SeleGrid"/>
  <testcase name="test2" time="13.332" classname="letsCodeIt.Practice.SeleGrid"/>
  <testcase name="test3" classname="letsCodeIt.Practice.SeleGrid">
    <skipped/>
  </testcase> <!-- test3 -->
</testsuite> <!-- letsCodeIt.Practice.SeleGrid -->
