<?xml version="1.0" encoding="UTF-8"?>
<!-- Generated by org.testng.reporters.JUnitReportReporter -->
<testsuite skipped="0" hostname="Mds-MacBook-Pro.home" name="testUnit.SmokeTest" tests="1" failures="0" timestamp="22 Jun 2020 01:12:39 GMT" time="4.641" errors="0">
  <testcase name="logIntest02" time="4.641" classname="testUnit.SmokeTest"/>
</testsuite> <!-- testUnit.SmokeTest -->
