<?xml version="1.0" encoding="UTF-8"?>
<!-- Generated by org.testng.reporters.JUnitReportReporter -->
<testsuite skipped="1" hostname="Mds-MacBook-Pro.home" name="testUnit.LogInTest" tests="2" failures="0" timestamp="22 Jun 2020 01:12:39 GMT" time="19.038" errors="0">
  <testcase name="logIntest_IntoKohls" time="19.038" classname="testUnit.LogInTest"/>
  <testcase name="logIntest_In_toKohls" classname="testUnit.LogInTest">
    <skipped/>
  </testcase> <!-- logIntest_In_toKohls -->
</testsuite> <!-- testUnit.LogInTest -->
