<?xml version="1.0" encoding="UTF-8"?>
<!-- Generated by org.testng.reporters.JUnitReportReporter -->
<testsuite skipped="0" hostname="Mds-MacBook-Pro.home" name="testUnit.SmokeTest" tests="3" failures="0" timestamp="17 Jun 2020 05:47:52 GMT" time="36.222" errors="0">
  <testcase name="logIntest02" time="7.828" classname="testUnit.SmokeTest"/>
  <testcase name="logIntest01" time="7.048" classname="testUnit.SmokeTest"/>
  <testcase name="logIntest" time="21.346" classname="testUnit.SmokeTest"/>
</testsuite> <!-- testUnit.SmokeTest -->
