<?xml version="1.0" encoding="UTF-8"?>
<!-- Generated by org.testng.reporters.JUnitReportReporter -->
<testsuite skipped="0" hostname="Mds-MacBook-Pro.home" name="testUnit.SmokeTest" tests="3" failures="0" timestamp="18 Jun 2020 02:33:25 GMT" time="27.569" errors="0">
  <testcase name="logIntest02" time="10.509" classname="testUnit.SmokeTest"/>
  <testcase name="logIntest01" time="6.156" classname="testUnit.SmokeTest"/>
  <testcase name="logIntest" time="10.904" classname="testUnit.SmokeTest"/>
</testsuite> <!-- testUnit.SmokeTest -->
