<?xml version="1.0" encoding="UTF-8"?>
<!-- Generated by org.testng.reporters.JUnitReportReporter -->
<testsuite skipped="0" hostname="Mds-MacBook-Pro.home" name="testUnit.SmokeTest" tests="3" failures="0" timestamp="16 Jun 2020 22:39:45 GMT" time="66.474" errors="0">
  <testcase name="logIntest" time="29.267" classname="testUnit.SmokeTest"/>
  <testcase name="logIntest02" time="25.122" classname="testUnit.SmokeTest"/>
  <testcase name="logIntest01" time="12.085" classname="testUnit.SmokeTest"/>
</testsuite> <!-- testUnit.SmokeTest -->
